[debug] [2022-10-29T18:57:25.062Z] ----------------------------------------------------------------------
[debug] [2022-10-29T18:57:25.063Z] Command:       /Users/dereck/.nvm/versions/node/v16.18.0/bin/node /opt/homebrew/bin/firebase emulators:start --project hackqc2022-8347e --import=./emulator-data --export-on-exit
[debug] [2022-10-29T18:57:25.063Z] CLI Version:   11.9.0
[debug] [2022-10-29T18:57:25.063Z] Platform:      darwin
[debug] [2022-10-29T18:57:25.063Z] Node Version:  v16.18.0
[debug] [2022-10-29T18:57:25.063Z] Time:          Sat Oct 29 2022 14:57:25 GMT-0400 (heure avancée de l’Est)
[debug] [2022-10-29T18:57:25.064Z] ----------------------------------------------------------------------
[debug] 
[debug] [2022-10-29T18:57:25.098Z] > command requires scopes: ["email","openid","https://www.googleapis.com/auth/cloudplatformprojects.readonly","https://www.googleapis.com/auth/firebase","https://www.googleapis.com/auth/cloud-platform"]
[debug] [2022-10-29T18:57:25.099Z] > authorizing via signed-in user (dpouliot@autoroot.io)
[debug] [2022-10-29T18:57:25.139Z] java version "19.0.1" 2022-10-18

[debug] [2022-10-29T18:57:25.140Z] Java(TM) SE Runtime Environment (build 19.0.1+10-21)
Java HotSpot(TM) 64-Bit Server VM (build 19.0.1+10-21, mixed mode, sharing)

[debug] [2022-10-29T18:57:25.141Z] Parsed Java major version: 19
[info] i  emulators: Starting emulators: auth, functions, firestore {"metadata":{"emulator":{"name":"hub"},"message":"Starting emulators: auth, functions, firestore"}}
[debug] [2022-10-29T18:57:25.147Z] [hub] writing locator at /var/folders/y3/2r0zt71n53jbkb9wlvwx0v4c0000gn/T/hub-hackqc2022-8347e.json
[warn] ⚠  functions: The following emulators are not running, calls to these services from the Functions emulator will affect production: database, hosting, pubsub, storage, eventarc {"metadata":{"emulator":{"name":"functions"},"message":"The following emulators are not running, calls to these services from the Functions emulator will affect production: \u001b[1mdatabase, hosting, pubsub, storage, eventarc\u001b[22m"}}
[warn] ⚠  Your requested "node" version "14" doesn't match your global version "16". Using node@16 from host. {"metadata":{"emulator":{"name":"functions"},"message":"Your requested \"node\" version \"14\" doesn't match your global version \"16\". Using node@16 from host."}}
[debug] [2022-10-29T18:57:25.156Z] defaultcredentials: writing to file /Users/dereck/.config/firebase/dpouliot_autoroot_io_application_default_credentials.json
[debug] [2022-10-29T18:57:25.156Z] Setting GAC to /Users/dereck/.config/firebase/dpouliot_autoroot_io_application_default_credentials.json {"metadata":{"emulator":{"name":"functions"},"message":"Setting GAC to /Users/dereck/.config/firebase/dpouliot_autoroot_io_application_default_credentials.json"}}
[debug] [2022-10-29T18:57:25.157Z] >>> [apiv2][query] GET https://firebase.googleapis.com/v1beta1/projects/hackqc2022-8347e/adminSdkConfig [none]
[debug] [2022-10-29T18:57:25.559Z] <<< [apiv2][status] GET https://firebase.googleapis.com/v1beta1/projects/hackqc2022-8347e/adminSdkConfig 403
[debug] [2022-10-29T18:57:25.559Z] <<< [apiv2][body] GET https://firebase.googleapis.com/v1beta1/projects/hackqc2022-8347e/adminSdkConfig {"error":{"code":403,"message":"The caller does not have permission","status":"PERMISSION_DENIED"}}
[debug] [2022-10-29T18:57:25.560Z] Failed to get Admin SDK config for hackqc2022-8347e, falling back to cacheFailed to get Admin SDK for Firebase project hackqc2022-8347e. Please make sure the project exists and your account has permission to access it. {"name":"FirebaseError","children":[],"exit":2,"message":"Failed to get Admin SDK for Firebase project hackqc2022-8347e. Please make sure the project exists and your account has permission to access it.","original":{"name":"FirebaseError","children":[],"context":{"body":{"error":{"code":403,"message":"The caller does not have permission","status":"PERMISSION_DENIED"}},"response":{"statusCode":403}},"exit":1,"message":"HTTP Error: 403, The caller does not have permission","status":403},"status":500}
[warn] ⚠  functions: Unable to fetch project Admin SDK configuration, Admin SDK behavior in Cloud Functions emulator may be incorrect. {"metadata":{"emulator":{"name":"functions"},"message":"Unable to fetch project Admin SDK configuration, Admin SDK behavior in Cloud Functions emulator may be incorrect."}}
[info] i  firestore: Importing data from /Users/dereck/Documents/Personnel/Projets/HackQC22/emulator-data/firestore_export/firestore_export.overall_export_metadata {"metadata":{"emulator":{"name":"firestore"},"message":"Importing data from /Users/dereck/Documents/Personnel/Projets/HackQC22/emulator-data/firestore_export/firestore_export.overall_export_metadata"}}
[debug] [2022-10-29T18:57:25.578Z] Ignoring unsupported arg: projectId {"metadata":{"emulator":{"name":"firestore"},"message":"Ignoring unsupported arg: projectId"}}
[debug] [2022-10-29T18:57:25.578Z] Ignoring unsupported arg: auto_download {"metadata":{"emulator":{"name":"firestore"},"message":"Ignoring unsupported arg: auto_download"}}
[debug] [2022-10-29T18:57:25.578Z] Starting Firestore Emulator with command {"binary":"java","args":["-Dgoogle.cloud_firestore.debug_log_level=FINE","-Duser.language=en","-jar","/Users/dereck/.cache/firebase/emulators/cloud-firestore-emulator-v1.14.4.jar","--host","localhost","--port",8080,"--seed_from_export","/Users/dereck/Documents/Personnel/Projets/HackQC22/emulator-data/firestore_export/firestore_export.overall_export_metadata","--rules","/Users/dereck/Documents/Personnel/Projets/HackQC22/firestore.rules","--functions_emulator","localhost:5001"],"optionalArgs":["port","webchannel_port","host","rules","functions_emulator","seed_from_export"],"joinArgs":false} {"metadata":{"emulator":{"name":"firestore"},"message":"Starting Firestore Emulator with command {\"binary\":\"java\",\"args\":[\"-Dgoogle.cloud_firestore.debug_log_level=FINE\",\"-Duser.language=en\",\"-jar\",\"/Users/dereck/.cache/firebase/emulators/cloud-firestore-emulator-v1.14.4.jar\",\"--host\",\"localhost\",\"--port\",8080,\"--seed_from_export\",\"/Users/dereck/Documents/Personnel/Projets/HackQC22/emulator-data/firestore_export/firestore_export.overall_export_metadata\",\"--rules\",\"/Users/dereck/Documents/Personnel/Projets/HackQC22/firestore.rules\",\"--functions_emulator\",\"localhost:5001\"],\"optionalArgs\":[\"port\",\"webchannel_port\",\"host\",\"rules\",\"functions_emulator\",\"seed_from_export\"],\"joinArgs\":false}"}}
[info] i  firestore: Firestore Emulator logging to firestore-debug.log {"metadata":{"emulator":{"name":"firestore"},"message":"Firestore Emulator logging to \u001b[1mfirestore-debug.log\u001b[22m"}}
[debug] [2022-10-29T18:57:26.037Z] Oct 29, 2022 2:57:26 P.M. com.google.cloud.datastore.emulator.firestore.websocket.WebSocketServer start
INFO: Started WebSocket server on ws://localhost:51974
 {"metadata":{"emulator":{"name":"firestore"},"message":"Oct 29, 2022 2:57:26 P.M. com.google.cloud.datastore.emulator.firestore.websocket.WebSocketServer start\nINFO: Started WebSocket server on ws://localhost:51974\n"}}
[debug] [2022-10-29T18:57:26.047Z] API endpoint: http://localhost:8080
 {"metadata":{"emulator":{"name":"firestore"},"message":"API endpoint: http://localhost:8080\n"}}
[debug] [2022-10-29T18:57:26.047Z] If you are using a library that supports the FIRESTORE_EMULATOR_HOST environment variable, run:

   export FIRESTORE_EMULATOR_HOST=localhost:8080

Dev App Server is now running.

 {"metadata":{"emulator":{"name":"firestore"},"message":"If you are using a library that supports the FIRESTORE_EMULATOR_HOST environment variable, run:\n\n   export FIRESTORE_EMULATOR_HOST=localhost:8080\n\nDev App Server is now running.\n\n"}}
[info] i  auth: Importing config from /Users/dereck/Documents/Personnel/Projets/HackQC22/emulator-data/auth_export/config.json {"metadata":{"emulator":{"name":"auth"},"message":"Importing config from /Users/dereck/Documents/Personnel/Projets/HackQC22/emulator-data/auth_export/config.json"}}
[info] i  auth: Importing accounts from /Users/dereck/Documents/Personnel/Projets/HackQC22/emulator-data/auth_export/accounts.json {"metadata":{"emulator":{"name":"auth"},"message":"Importing accounts from /Users/dereck/Documents/Personnel/Projets/HackQC22/emulator-data/auth_export/accounts.json"}}
[debug] [2022-10-29T18:57:29.112Z] Ignoring unsupported arg: auto_download {"metadata":{"emulator":{"name":"ui"},"message":"Ignoring unsupported arg: auto_download"}}
[debug] [2022-10-29T18:57:29.113Z] Ignoring unsupported arg: port {"metadata":{"emulator":{"name":"ui"},"message":"Ignoring unsupported arg: port"}}
[debug] [2022-10-29T18:57:29.113Z] Starting Emulator UI with command {"binary":"node","args":["/Users/dereck/.cache/firebase/emulators/ui-v1.9.0/server/server.js"],"optionalArgs":[],"joinArgs":false} {"metadata":{"emulator":{"name":"ui"},"message":"Starting Emulator UI with command {\"binary\":\"node\",\"args\":[\"/Users/dereck/.cache/firebase/emulators/ui-v1.9.0/server/server.js\"],\"optionalArgs\":[],\"joinArgs\":false}"}}
[info] i  ui: Emulator UI logging to ui-debug.log {"metadata":{"emulator":{"name":"ui"},"message":"Emulator UI logging to \u001b[1mui-debug.log\u001b[22m"}}
[debug] [2022-10-29T18:57:29.173Z] Web / API server started at localhost:4000
 {"metadata":{"emulator":{"name":"ui"},"message":"Web / API server started at localhost:4000\n"}}
[debug] [2022-10-29T18:57:29.227Z] Oct 29, 2022 2:57:29 P.M. io.gapi.emulators.netty.HttpVersionRoutingHandler channelRead
INFO: Detected non-HTTP/2 connection.
 {"metadata":{"emulator":{"name":"firestore"},"message":"Oct 29, 2022 2:57:29 P.M. io.gapi.emulators.netty.HttpVersionRoutingHandler channelRead\nINFO: Detected non-HTTP/2 connection.\n"}}
[debug] [2022-10-29T18:57:29.253Z] Oct 29, 2022 2:57:29 P.M. io.gapi.emulators.netty.HttpVersionRoutingHandler channelRead
INFO: Detected non-HTTP/2 connection.
 {"metadata":{"emulator":{"name":"firestore"},"message":"Oct 29, 2022 2:57:29 P.M. io.gapi.emulators.netty.HttpVersionRoutingHandler channelRead\nINFO: Detected non-HTTP/2 connection.\n"}}
[debug] [2022-10-29T18:57:29.254Z] Oct 29, 2022 2:57:29 P.M. io.gapi.emulators.netty.HttpVersionRoutingHandler channelRead
INFO: Detected non-HTTP/2 connection.
 {"metadata":{"emulator":{"name":"firestore"},"message":"Oct 29, 2022 2:57:29 P.M. io.gapi.emulators.netty.HttpVersionRoutingHandler channelRead\nINFO: Detected non-HTTP/2 connection.\n"}}
[debug] [2022-10-29T18:57:29.260Z] Oct 29, 2022 2:57:29 P.M. com.google.cloud.datastore.emulator.firestore.websocket.WebSocketChannelHandler initChannel
INFO: Connected to new websocket client
 {"metadata":{"emulator":{"name":"firestore"},"message":"Oct 29, 2022 2:57:29 P.M. com.google.cloud.datastore.emulator.firestore.websocket.WebSocketChannelHandler initChannel\nINFO: Connected to new websocket client\n"}}
[debug] [2022-10-29T18:57:29.270Z] Oct 29, 2022 2:57:29 P.M. io.gapi.emulators.netty.HttpVersionRoutingHandler channelRead
INFO: Detected non-HTTP/2 connection.
 {"metadata":{"emulator":{"name":"firestore"},"message":"Oct 29, 2022 2:57:29 P.M. io.gapi.emulators.netty.HttpVersionRoutingHandler channelRead\nINFO: Detected non-HTTP/2 connection.\n"}}
[debug] [2022-10-29T18:57:29.326Z] Oct 29, 2022 2:57:29 P.M. io.gapi.emulators.netty.HttpVersionRoutingHandler channelRead
INFO: Detected HTTP/2 connection.
 {"metadata":{"emulator":{"name":"firestore"},"message":"Oct 29, 2022 2:57:29 P.M. io.gapi.emulators.netty.HttpVersionRoutingHandler channelRead\nINFO: Detected HTTP/2 connection.\n"}}
[info] i  functions: Watching "/Users/dereck/Documents/Personnel/Projets/HackQC22/functions" for Cloud Functions... {"metadata":{"emulator":{"name":"functions"},"message":"Watching \"/Users/dereck/Documents/Personnel/Projets/HackQC22/functions\" for Cloud Functions..."}}
[debug] [2022-10-29T18:57:29.374Z] Validating nodejs source
[warn] ⚠  functions: package.json indicates an outdated version of firebase-functions. Please upgrade using npm install --save firebase-functions@latest in your functions directory. 
[warn] ⚠  functions: Please note that there will be breaking changes when you upgrade. 
[debug] [2022-10-29T18:57:30.186Z] > [functions] package.json contents: {
  "name": "functions",
  "description": "Cloud Functions for Firebase",
  "scripts": {
    "lint": "eslint .",
    "serve": "firebase emulators:start --only functions",
    "shell": "firebase functions:shell",
    "start": "npm run shell",
    "deploy": "firebase deploy --only functions",
    "logs": "firebase functions:log"
  },
  "engines": {
    "node": "14"
  },
  "dependencies": {
    "axios": "^0.19.2",
    "cors": "^2.8.5",
    "firebase-admin": "^8.10.1",
    "firebase-functions": "^3.21.2"
  },
  "devDependencies": {
    "eslint": "^5.12.0",
    "eslint-plugin-promise": "^4.0.1",
    "firebase-functions-test": "^0.2.0"
  },
  "private": true
}
[debug] [2022-10-29T18:57:30.187Z] Building nodejs source
[debug] [2022-10-29T18:57:30.187Z] Analyzing nodejs backend spec
[debug] [2022-10-29T18:57:30.188Z] Could not find functions.yaml. Must use http discovery
[debug] [2022-10-29T18:57:30.200Z] Oct 29, 2022 2:57:29 P.M. io.gapi.emulators.netty.HttpVersionRoutingHandler channelRead
INFO: Detected non-HTTP/2 connection.
Oct 29, 2022 2:57:29 P.M. io.gapi.emulators.netty.HttpVersionRoutingHandler channelRead
INFO: Detected non-HTTP/2 connection.
 {"metadata":{"emulator":{"name":"firestore"},"message":"Oct 29, 2022 2:57:29 P.M. io.gapi.emulators.netty.HttpVersionRoutingHandler channelRead\nINFO: Detected non-HTTP/2 connection.\nOct 29, 2022 2:57:29 P.M. io.gapi.emulators.netty.HttpVersionRoutingHandler channelRead\nINFO: Detected non-HTTP/2 connection.\n"}}
[debug] [2022-10-29T18:57:30.211Z] Oct 29, 2022 2:57:30 P.M. io.gapi.emulators.netty.HttpVersionRoutingHandler channelRead
INFO: Detected non-HTTP/2 connection.
 {"metadata":{"emulator":{"name":"firestore"},"message":"Oct 29, 2022 2:57:30 P.M. io.gapi.emulators.netty.HttpVersionRoutingHandler channelRead\nINFO: Detected non-HTTP/2 connection.\n"}}
[debug] [2022-10-29T18:57:30.291Z] Serving at port 9005

[debug] [2022-10-29T18:57:30.321Z] Got response from /__/functions.yaml {"endpoints":{"initializeUserOnCreate":{"platform":"gcfv1","eventTrigger":{"eventType":"providers/firebase.auth/eventTypes/user.create","eventFilters":{"resource":"projects/hackqc2022-8347e"},"retry":false},"labels":{},"entryPoint":"initializeUserOnCreate"},"initializeUserOnDelete":{"platform":"gcfv1","eventTrigger":{"eventType":"providers/firebase.auth/eventTypes/user.delete","eventFilters":{"resource":"projects/hackqc2022-8347e"},"retry":false},"labels":{},"entryPoint":"initializeUserOnDelete"}},"specVersion":"v1alpha1","requiredAPIs":[]}
[debug] [2022-10-29T18:57:30.326Z] shutdown requested via /__/quitquitquit

[info] ✔  functions: Loaded functions definitions from source: initializeUserOnCreate, initializeUserOnDelete. {"metadata":{"emulator":{"name":"functions"},"message":"Loaded functions definitions from source: initializeUserOnCreate, initializeUserOnDelete."}}
[debug] [2022-10-29T18:57:30.329Z] addAuthTrigger {"eventTrigger":{"eventType":"providers/firebase.auth/eventTypes/user.create","resource":"projects/hackqc2022-8347e"}}
[info] ✔  functions[us-central1-initializeUserOnCreate]: auth function initialized. {"metadata":{"emulator":{"name":"functions"},"message":"\u001b[1mauth\u001b[22m function initialized."}}
[debug] [2022-10-29T18:57:30.329Z] addAuthTrigger {"eventTrigger":{"eventType":"providers/firebase.auth/eventTypes/user.delete","resource":"projects/hackqc2022-8347e"}}
[info] ✔  functions[us-central1-initializeUserOnDelete]: auth function initialized. {"metadata":{"emulator":{"name":"functions"},"message":"\u001b[1mauth\u001b[22m function initialized."}}
[info] 
┌─────────────────────────────────────────────────────────────┐
│ ✔  All emulators ready! It is now safe to connect your app. │
│ i  View Emulator UI at http://localhost:4000                │
└─────────────────────────────────────────────────────────────┘

┌────────────────┬────────────────┬─────────────────────────────────┐
│ Emulator       │ Host:Port      │ View in Emulator UI             │
├────────────────┼────────────────┼─────────────────────────────────┤
│ Authentication │ localhost:9099 │ http://localhost:4000/auth      │
├────────────────┼────────────────┼─────────────────────────────────┤
│ Functions      │ localhost:5001 │ http://localhost:4000/functions │
├────────────────┼────────────────┼─────────────────────────────────┤
│ Firestore      │ localhost:8080 │ http://localhost:4000/firestore │
└────────────────┴────────────────┴─────────────────────────────────┘
  Emulator Hub running at localhost:4400
  Other reserved ports: 4500

Issues? Report them at https://github.com/firebase/firebase-tools/issues and attach the *-debug.log files.
 
[debug] [2022-10-29T18:57:33.636Z] Oct 29, 2022 2:57:33 P.M. io.gapi.emulators.netty.HttpVersionRoutingHandler channelRead
INFO: Detected non-HTTP/2 connection.
 {"metadata":{"emulator":{"name":"firestore"},"message":"Oct 29, 2022 2:57:33 P.M. io.gapi.emulators.netty.HttpVersionRoutingHandler channelRead\nINFO: Detected non-HTTP/2 connection.\n"}}
[debug] [2022-10-29T18:58:03.092Z] Oct 29, 2022 2:58:03 P.M. io.gapi.emulators.netty.HttpVersionRoutingHandler channelRead
INFO: Detected non-HTTP/2 connection.
 {"metadata":{"emulator":{"name":"firestore"},"message":"Oct 29, 2022 2:58:03 P.M. io.gapi.emulators.netty.HttpVersionRoutingHandler channelRead\nINFO: Detected non-HTTP/2 connection.\n"}}
[debug] [2022-10-29T18:58:03.204Z] Oct 29, 2022 2:58:03 P.M. io.gapi.emulators.netty.HttpVersionRoutingHandler channelRead
INFO: Detected non-HTTP/2 connection.
 {"metadata":{"emulator":{"name":"firestore"},"message":"Oct 29, 2022 2:58:03 P.M. io.gapi.emulators.netty.HttpVersionRoutingHandler channelRead\nINFO: Detected non-HTTP/2 connection.\n"}}
[debug] [2022-10-29T18:58:03.218Z] Oct 29, 2022 2:58:03 P.M. io.gapi.emulators.netty.HttpVersionRoutingHandler channelRead
INFO: Detected non-HTTP/2 connection.
 {"metadata":{"emulator":{"name":"firestore"},"message":"Oct 29, 2022 2:58:03 P.M. io.gapi.emulators.netty.HttpVersionRoutingHandler channelRead\nINFO: Detected non-HTTP/2 connection.\n"}}
[debug] [2022-10-29T18:58:29.722Z] Oct 29, 2022 2:58:29 P.M. io.gapi.emulators.netty.HttpVersionRoutingHandler channelRead
INFO: Detected non-HTTP/2 connection.
 {"metadata":{"emulator":{"name":"firestore"},"message":"Oct 29, 2022 2:58:29 P.M. io.gapi.emulators.netty.HttpVersionRoutingHandler channelRead\nINFO: Detected non-HTTP/2 connection.\n"}}
[debug] [2022-10-29T18:59:03.246Z] Oct 29, 2022 2:59:03 P.M. io.gapi.emulators.netty.HttpVersionRoutingHandler channelRead
INFO: Detected non-HTTP/2 connection.
 {"metadata":{"emulator":{"name":"firestore"},"message":"Oct 29, 2022 2:59:03 P.M. io.gapi.emulators.netty.HttpVersionRoutingHandler channelRead\nINFO: Detected non-HTTP/2 connection.\n"}}
[debug] [2022-10-29T18:59:03.261Z] Oct 29, 2022 2:59:03 P.M. io.gapi.emulators.netty.HttpVersionRoutingHandler channelRead
INFO: Detected non-HTTP/2 connection.
 {"metadata":{"emulator":{"name":"firestore"},"message":"Oct 29, 2022 2:59:03 P.M. io.gapi.emulators.netty.HttpVersionRoutingHandler channelRead\nINFO: Detected non-HTTP/2 connection.\n"}}
[debug] [2022-10-29T18:59:03.267Z] Oct 29, 2022 2:59:03 P.M. com.google.cloud.datastore.emulator.firestore.webchannel.FirestoreV1WebChannelAdapter$FirestoreListenHandler onClose
INFO: channel closed
 {"metadata":{"emulator":{"name":"firestore"},"message":"Oct 29, 2022 2:59:03 P.M. com.google.cloud.datastore.emulator.firestore.webchannel.FirestoreV1WebChannelAdapter$FirestoreListenHandler onClose\nINFO: channel closed\n"}}
[debug] [2022-10-29T18:59:29.750Z] Oct 29, 2022 2:59:29 P.M. io.gapi.emulators.netty.HttpVersionRoutingHandler channelRead
INFO: Detected non-HTTP/2 connection.
 {"metadata":{"emulator":{"name":"firestore"},"message":"Oct 29, 2022 2:59:29 P.M. io.gapi.emulators.netty.HttpVersionRoutingHandler channelRead\nINFO: Detected non-HTTP/2 connection.\n"}}
[debug] [2022-10-29T19:00:07.825Z] Oct 29, 2022 3:00:07 P.M. com.google.cloud.datastore.emulator.firestore.websocket.WebSocketChannelHandler channelClosed
INFO: Websocket client disconnected
 {"metadata":{"emulator":{"name":"firestore"},"message":"Oct 29, 2022 3:00:07 P.M. com.google.cloud.datastore.emulator.firestore.websocket.WebSocketChannelHandler channelClosed\nINFO: Websocket client disconnected\n"}}
[debug] [2022-10-29T19:00:07.849Z] Oct 29, 2022 3:00:07 P.M. io.gapi.emulators.netty.HttpVersionRoutingHandler channelRead
INFO: Detected non-HTTP/2 connection.
 {"metadata":{"emulator":{"name":"firestore"},"message":"Oct 29, 2022 3:00:07 P.M. io.gapi.emulators.netty.HttpVersionRoutingHandler channelRead\nINFO: Detected non-HTTP/2 connection.\n"}}
[debug] [2022-10-29T19:00:09.922Z] Oct 29, 2022 3:00:09 P.M. com.google.cloud.datastore.emulator.firestore.websocket.WebSocketChannelHandler initChannel
INFO: Connected to new websocket client
 {"metadata":{"emulator":{"name":"firestore"},"message":"Oct 29, 2022 3:00:09 P.M. com.google.cloud.datastore.emulator.firestore.websocket.WebSocketChannelHandler initChannel\nINFO: Connected to new websocket client\n"}}
[debug] [2022-10-29T19:01:11.239Z] Oct 29, 2022 3:01:11 P.M. io.gapi.emulators.netty.HttpVersionRoutingHandler channelRead
INFO: Detected non-HTTP/2 connection.
 {"metadata":{"emulator":{"name":"firestore"},"message":"Oct 29, 2022 3:01:11 P.M. io.gapi.emulators.netty.HttpVersionRoutingHandler channelRead\nINFO: Detected non-HTTP/2 connection.\n"}}
[debug] [2022-10-29T19:01:57.676Z] Oct 29, 2022 3:01:57 P.M. com.google.cloud.datastore.emulator.firestore.websocket.WebSocketChannelHandler channelClosed
INFO: Websocket client disconnected
 {"metadata":{"emulator":{"name":"firestore"},"message":"Oct 29, 2022 3:01:57 P.M. com.google.cloud.datastore.emulator.firestore.websocket.WebSocketChannelHandler channelClosed\nINFO: Websocket client disconnected\n"}}
[debug] [2022-10-29T19:01:57.719Z] Oct 29, 2022 3:01:57 P.M. io.gapi.emulators.netty.HttpVersionRoutingHandler channelRead
INFO: Detected non-HTTP/2 connection.
 {"metadata":{"emulator":{"name":"firestore"},"message":"Oct 29, 2022 3:01:57 P.M. io.gapi.emulators.netty.HttpVersionRoutingHandler channelRead\nINFO: Detected non-HTTP/2 connection.\n"}}
[debug] [2022-10-29T19:01:57.722Z] Oct 29, 2022 3:01:57 P.M. com.google.cloud.datastore.emulator.firestore.websocket.WebSocketChannelHandler initChannel
INFO: Connected to new websocket client
 {"metadata":{"emulator":{"name":"firestore"},"message":"Oct 29, 2022 3:01:57 P.M. com.google.cloud.datastore.emulator.firestore.websocket.WebSocketChannelHandler initChannel\nINFO: Connected to new websocket client\n"}}
[debug] [2022-10-29T19:05:45.972Z] Oct 29, 2022 3:05:45 P.M. io.gapi.emulators.netty.HttpVersionRoutingHandler channelRead
INFO: Detected non-HTTP/2 connection.
 {"metadata":{"emulator":{"name":"firestore"},"message":"Oct 29, 2022 3:05:45 P.M. io.gapi.emulators.netty.HttpVersionRoutingHandler channelRead\nINFO: Detected non-HTTP/2 connection.\n"}}
[debug] [2022-10-29T19:06:41.576Z] Oct 29, 2022 3:06:41 P.M. com.google.cloud.datastore.emulator.firestore.websocket.WebSocketChannelHandler channelClosed
INFO: Websocket client disconnected
 {"metadata":{"emulator":{"name":"firestore"},"message":"Oct 29, 2022 3:06:41 P.M. com.google.cloud.datastore.emulator.firestore.websocket.WebSocketChannelHandler channelClosed\nINFO: Websocket client disconnected\n"}}
[debug] [2022-10-29T19:06:41.580Z] Oct 29, 2022 3:06:41 P.M. io.gapi.emulators.netty.HttpVersionRoutingHandler channelRead
INFO: Detected non-HTTP/2 connection.
 {"metadata":{"emulator":{"name":"firestore"},"message":"Oct 29, 2022 3:06:41 P.M. io.gapi.emulators.netty.HttpVersionRoutingHandler channelRead\nINFO: Detected non-HTTP/2 connection.\n"}}
[debug] [2022-10-29T19:07:06.748Z] Oct 29, 2022 3:07:06 P.M. com.google.cloud.datastore.emulator.firestore.websocket.WebSocketChannelHandler initChannel
INFO: Connected to new websocket client
 {"metadata":{"emulator":{"name":"firestore"},"message":"Oct 29, 2022 3:07:06 P.M. com.google.cloud.datastore.emulator.firestore.websocket.WebSocketChannelHandler initChannel\nINFO: Connected to new websocket client\n"}}
[debug] [2022-10-29T19:07:43.224Z] Oct 29, 2022 3:07:43 P.M. io.gapi.emulators.netty.HttpVersionRoutingHandler channelRead
INFO: Detected non-HTTP/2 connection.
 {"metadata":{"emulator":{"name":"firestore"},"message":"Oct 29, 2022 3:07:43 P.M. io.gapi.emulators.netty.HttpVersionRoutingHandler channelRead\nINFO: Detected non-HTTP/2 connection.\n"}}
[debug] [2022-10-29T19:08:08.285Z] Oct 29, 2022 3:08:08 P.M. com.google.cloud.datastore.emulator.firestore.websocket.WebSocketChannelHandler channelClosed
INFO: Websocket client disconnected
 {"metadata":{"emulator":{"name":"firestore"},"message":"Oct 29, 2022 3:08:08 P.M. com.google.cloud.datastore.emulator.firestore.websocket.WebSocketChannelHandler channelClosed\nINFO: Websocket client disconnected\n"}}
[debug] [2022-10-29T19:08:08.332Z] Oct 29, 2022 3:08:08 P.M. io.gapi.emulators.netty.HttpVersionRoutingHandler channelRead
INFO: Detected non-HTTP/2 connection.
 {"metadata":{"emulator":{"name":"firestore"},"message":"Oct 29, 2022 3:08:08 P.M. io.gapi.emulators.netty.HttpVersionRoutingHandler channelRead\nINFO: Detected non-HTTP/2 connection.\n"}}
[debug] [2022-10-29T19:08:08.334Z] Oct 29, 2022 3:08:08 P.M. com.google.cloud.datastore.emulator.firestore.websocket.WebSocketChannelHandler initChannel
INFO: Connected to new websocket client
 {"metadata":{"emulator":{"name":"firestore"},"message":"Oct 29, 2022 3:08:08 P.M. com.google.cloud.datastore.emulator.firestore.websocket.WebSocketChannelHandler initChannel\nINFO: Connected to new websocket client\n"}}
[debug] [2022-10-29T19:10:21.659Z] Oct 29, 2022 3:10:21 P.M. io.gapi.emulators.netty.HttpVersionRoutingHandler channelRead
INFO: Detected non-HTTP/2 connection.
 {"metadata":{"emulator":{"name":"firestore"},"message":"Oct 29, 2022 3:10:21 P.M. io.gapi.emulators.netty.HttpVersionRoutingHandler channelRead\nINFO: Detected non-HTTP/2 connection.\n"}}
[debug] [2022-10-29T19:11:21.693Z] Oct 29, 2022 3:11:21 P.M. io.gapi.emulators.netty.HttpVersionRoutingHandler channelRead
INFO: Detected non-HTTP/2 connection.
 {"metadata":{"emulator":{"name":"firestore"},"message":"Oct 29, 2022 3:11:21 P.M. io.gapi.emulators.netty.HttpVersionRoutingHandler channelRead\nINFO: Detected non-HTTP/2 connection.\n"}}
[debug] [2022-10-29T19:11:40.677Z] Oct 29, 2022 3:11:40 P.M. com.google.cloud.datastore.emulator.firestore.websocket.WebSocketChannelHandler channelClosed
INFO: Websocket client disconnected
 {"metadata":{"emulator":{"name":"firestore"},"message":"Oct 29, 2022 3:11:40 P.M. com.google.cloud.datastore.emulator.firestore.websocket.WebSocketChannelHandler channelClosed\nINFO: Websocket client disconnected\n"}}
[debug] [2022-10-29T19:11:40.684Z] Oct 29, 2022 3:11:40 P.M. io.gapi.emulators.netty.HttpVersionRoutingHandler channelRead
INFO: Detected non-HTTP/2 connection.
 {"metadata":{"emulator":{"name":"firestore"},"message":"Oct 29, 2022 3:11:40 P.M. io.gapi.emulators.netty.HttpVersionRoutingHandler channelRead\nINFO: Detected non-HTTP/2 connection.\n"}}
[debug] [2022-10-29T19:13:58.266Z] Oct 29, 2022 3:13:58 P.M. com.google.cloud.datastore.emulator.firestore.websocket.WebSocketChannelHandler initChannel
INFO: Connected to new websocket client
 {"metadata":{"emulator":{"name":"firestore"},"message":"Oct 29, 2022 3:13:58 P.M. com.google.cloud.datastore.emulator.firestore.websocket.WebSocketChannelHandler initChannel\nINFO: Connected to new websocket client\n"}}
[debug] [2022-10-29T19:14:02.385Z] Oct 29, 2022 3:14:02 P.M. io.gapi.emulators.netty.HttpVersionRoutingHandler channelRead
INFO: Detected non-HTTP/2 connection.
 {"metadata":{"emulator":{"name":"firestore"},"message":"Oct 29, 2022 3:14:02 P.M. io.gapi.emulators.netty.HttpVersionRoutingHandler channelRead\nINFO: Detected non-HTTP/2 connection.\n"}}
[debug] [2022-10-29T19:30:44.584Z] Oct 29, 2022 3:30:44 P.M. io.gapi.emulators.netty.HttpVersionRoutingHandler channelRead
INFO: Detected non-HTTP/2 connection.
 {"metadata":{"emulator":{"name":"firestore"},"message":"Oct 29, 2022 3:30:44 P.M. io.gapi.emulators.netty.HttpVersionRoutingHandler channelRead\nINFO: Detected non-HTTP/2 connection.\n"}}
[debug] [2022-10-29T19:46:59.170Z] Oct 29, 2022 3:46:59 P.M. io.gapi.emulators.netty.HttpVersionRoutingHandler channelRead
INFO: Detected non-HTTP/2 connection.
 {"metadata":{"emulator":{"name":"firestore"},"message":"Oct 29, 2022 3:46:59 P.M. io.gapi.emulators.netty.HttpVersionRoutingHandler channelRead\nINFO: Detected non-HTTP/2 connection.\n"}}
[debug] [2022-10-29T19:48:52.583Z] Oct 29, 2022 3:48:52 P.M. io.gapi.emulators.netty.HttpVersionRoutingHandler channelRead
INFO: Detected non-HTTP/2 connection.
 {"metadata":{"emulator":{"name":"firestore"},"message":"Oct 29, 2022 3:48:52 P.M. io.gapi.emulators.netty.HttpVersionRoutingHandler channelRead\nINFO: Detected non-HTTP/2 connection.\n"}}
[debug] [2022-10-29T19:49:52.609Z] Oct 29, 2022 3:49:52 P.M. io.gapi.emulators.netty.HttpVersionRoutingHandler channelRead
INFO: Detected non-HTTP/2 connection.
 {"metadata":{"emulator":{"name":"firestore"},"message":"Oct 29, 2022 3:49:52 P.M. io.gapi.emulators.netty.HttpVersionRoutingHandler channelRead\nINFO: Detected non-HTTP/2 connection.\n"}}
[debug] [2022-10-29T19:50:52.631Z] Oct 29, 2022 3:50:52 P.M. io.gapi.emulators.netty.HttpVersionRoutingHandler channelRead
INFO: Detected non-HTTP/2 connection.
 {"metadata":{"emulator":{"name":"firestore"},"message":"Oct 29, 2022 3:50:52 P.M. io.gapi.emulators.netty.HttpVersionRoutingHandler channelRead\nINFO: Detected non-HTTP/2 connection.\n"}}
[debug] [2022-10-29T19:51:52.650Z] Oct 29, 2022 3:51:52 P.M. io.gapi.emulators.netty.HttpVersionRoutingHandler channelRead
INFO: Detected non-HTTP/2 connection.
 {"metadata":{"emulator":{"name":"firestore"},"message":"Oct 29, 2022 3:51:52 P.M. io.gapi.emulators.netty.HttpVersionRoutingHandler channelRead\nINFO: Detected non-HTTP/2 connection.\n"}}
[debug] [2022-10-29T19:52:48.212Z] Oct 29, 2022 3:52:48 P.M. io.gapi.emulators.netty.HttpVersionRoutingHandler channelRead
INFO: Detected non-HTTP/2 connection.
 {"metadata":{"emulator":{"name":"firestore"},"message":"Oct 29, 2022 3:52:48 P.M. io.gapi.emulators.netty.HttpVersionRoutingHandler channelRead\nINFO: Detected non-HTTP/2 connection.\n"}}
[debug] [2022-10-29T19:52:48.234Z] Oct 29, 2022 3:52:48 P.M. io.gapi.emulators.netty.HttpVersionRoutingHandler channelRead
INFO: Detected non-HTTP/2 connection.
 {"metadata":{"emulator":{"name":"firestore"},"message":"Oct 29, 2022 3:52:48 P.M. io.gapi.emulators.netty.HttpVersionRoutingHandler channelRead\nINFO: Detected non-HTTP/2 connection.\n"}}
[debug] [2022-10-29T19:52:48.248Z] Oct 29, 2022 3:52:48 P.M. io.gapi.emulators.netty.HttpVersionRoutingHandler channelRead
INFO: Detected non-HTTP/2 connection.
 {"metadata":{"emulator":{"name":"firestore"},"message":"Oct 29, 2022 3:52:48 P.M. io.gapi.emulators.netty.HttpVersionRoutingHandler channelRead\nINFO: Detected non-HTTP/2 connection.\n"}}
[debug] [2022-10-29T19:52:52.672Z] Oct 29, 2022 3:52:52 P.M. io.gapi.emulators.netty.HttpVersionRoutingHandler channelRead
INFO: Detected non-HTTP/2 connection.
 {"metadata":{"emulator":{"name":"firestore"},"message":"Oct 29, 2022 3:52:52 P.M. io.gapi.emulators.netty.HttpVersionRoutingHandler channelRead\nINFO: Detected non-HTTP/2 connection.\n"}}
[debug] [2022-10-29T19:53:11.267Z] Oct 29, 2022 3:53:11 P.M. io.gapi.emulators.netty.HttpVersionRoutingHandler channelRead
INFO: Detected non-HTTP/2 connection.
 {"metadata":{"emulator":{"name":"firestore"},"message":"Oct 29, 2022 3:53:11 P.M. io.gapi.emulators.netty.HttpVersionRoutingHandler channelRead\nINFO: Detected non-HTTP/2 connection.\n"}}
[debug] [2022-10-29T19:53:11.296Z] Oct 29, 2022 3:53:11 P.M. io.gapi.emulators.netty.HttpVersionRoutingHandler channelRead
INFO: Detected non-HTTP/2 connection.
 {"metadata":{"emulator":{"name":"firestore"},"message":"Oct 29, 2022 3:53:11 P.M. io.gapi.emulators.netty.HttpVersionRoutingHandler channelRead\nINFO: Detected non-HTTP/2 connection.\n"}}
[debug] [2022-10-29T19:53:22.236Z] Oct 29, 2022 3:53:22 P.M. io.gapi.emulators.netty.HttpVersionRoutingHandler channelRead
INFO: Detected non-HTTP/2 connection.
 {"metadata":{"emulator":{"name":"firestore"},"message":"Oct 29, 2022 3:53:22 P.M. io.gapi.emulators.netty.HttpVersionRoutingHandler channelRead\nINFO: Detected non-HTTP/2 connection.\n"}}
[debug] [2022-10-29T19:53:22.257Z] Oct 29, 2022 3:53:22 P.M. io.gapi.emulators.netty.HttpVersionRoutingHandler channelRead
INFO: Detected non-HTTP/2 connection.
 {"metadata":{"emulator":{"name":"firestore"},"message":"Oct 29, 2022 3:53:22 P.M. io.gapi.emulators.netty.HttpVersionRoutingHandler channelRead\nINFO: Detected non-HTTP/2 connection.\n"}}
[debug] [2022-10-29T19:53:25.461Z] Oct 29, 2022 3:53:25 P.M. io.gapi.emulators.netty.HttpVersionRoutingHandler channelRead
INFO: Detected non-HTTP/2 connection.
 {"metadata":{"emulator":{"name":"firestore"},"message":"Oct 29, 2022 3:53:25 P.M. io.gapi.emulators.netty.HttpVersionRoutingHandler channelRead\nINFO: Detected non-HTTP/2 connection.\n"}}
[debug] [2022-10-29T19:53:25.481Z] Oct 29, 2022 3:53:25 P.M. io.gapi.emulators.netty.HttpVersionRoutingHandler channelRead
INFO: Detected non-HTTP/2 connection.
 {"metadata":{"emulator":{"name":"firestore"},"message":"Oct 29, 2022 3:53:25 P.M. io.gapi.emulators.netty.HttpVersionRoutingHandler channelRead\nINFO: Detected non-HTTP/2 connection.\n"}}
[debug] [2022-10-29T19:53:34.104Z] Oct 29, 2022 3:53:34 P.M. io.gapi.emulators.netty.HttpVersionRoutingHandler channelRead
INFO: Detected non-HTTP/2 connection.
 {"metadata":{"emulator":{"name":"firestore"},"message":"Oct 29, 2022 3:53:34 P.M. io.gapi.emulators.netty.HttpVersionRoutingHandler channelRead\nINFO: Detected non-HTTP/2 connection.\n"}}
[debug] [2022-10-29T19:53:34.126Z] Oct 29, 2022 3:53:34 P.M. io.gapi.emulators.netty.HttpVersionRoutingHandler channelRead
INFO: Detected non-HTTP/2 connection.
 {"metadata":{"emulator":{"name":"firestore"},"message":"Oct 29, 2022 3:53:34 P.M. io.gapi.emulators.netty.HttpVersionRoutingHandler channelRead\nINFO: Detected non-HTTP/2 connection.\n"}}
[debug] [2022-10-29T19:53:34.137Z] Oct 29, 2022 3:53:34 P.M. io.gapi.emulators.netty.HttpVersionRoutingHandler channelRead
INFO: Detected non-HTTP/2 connection.
 {"metadata":{"emulator":{"name":"firestore"},"message":"Oct 29, 2022 3:53:34 P.M. io.gapi.emulators.netty.HttpVersionRoutingHandler channelRead\nINFO: Detected non-HTTP/2 connection.\n"}}
[debug] [2022-10-29T19:53:52.698Z] Oct 29, 2022 3:53:52 P.M. io.gapi.emulators.netty.HttpVersionRoutingHandler channelRead
INFO: Detected non-HTTP/2 connection.
 {"metadata":{"emulator":{"name":"firestore"},"message":"Oct 29, 2022 3:53:52 P.M. io.gapi.emulators.netty.HttpVersionRoutingHandler channelRead\nINFO: Detected non-HTTP/2 connection.\n"}}
[debug] [2022-10-29T19:54:20.354Z] Oct 29, 2022 3:54:20 P.M. io.gapi.emulators.netty.HttpVersionRoutingHandler channelRead
INFO: Detected non-HTTP/2 connection.
 {"metadata":{"emulator":{"name":"firestore"},"message":"Oct 29, 2022 3:54:20 P.M. io.gapi.emulators.netty.HttpVersionRoutingHandler channelRead\nINFO: Detected non-HTTP/2 connection.\n"}}
[debug] [2022-10-29T19:54:20.370Z] Oct 29, 2022 3:54:20 P.M. io.gapi.emulators.netty.HttpVersionRoutingHandler channelRead
INFO: Detected non-HTTP/2 connection.
 {"metadata":{"emulator":{"name":"firestore"},"message":"Oct 29, 2022 3:54:20 P.M. io.gapi.emulators.netty.HttpVersionRoutingHandler channelRead\nINFO: Detected non-HTTP/2 connection.\n"}}
[debug] [2022-10-29T19:54:20.381Z] Oct 29, 2022 3:54:20 P.M. io.gapi.emulators.netty.HttpVersionRoutingHandler channelRead
INFO: Detected non-HTTP/2 connection.
 {"metadata":{"emulator":{"name":"firestore"},"message":"Oct 29, 2022 3:54:20 P.M. io.gapi.emulators.netty.HttpVersionRoutingHandler channelRead\nINFO: Detected non-HTTP/2 connection.\n"}}
[debug] [2022-10-29T19:54:52.724Z] Oct 29, 2022 3:54:52 P.M. io.gapi.emulators.netty.HttpVersionRoutingHandler channelRead
INFO: Detected non-HTTP/2 connection.
 {"metadata":{"emulator":{"name":"firestore"},"message":"Oct 29, 2022 3:54:52 P.M. io.gapi.emulators.netty.HttpVersionRoutingHandler channelRead\nINFO: Detected non-HTTP/2 connection.\n"}}
[debug] [2022-10-29T19:55:20.403Z] Oct 29, 2022 3:55:20 P.M. io.gapi.emulators.netty.HttpVersionRoutingHandler channelRead
INFO: Detected non-HTTP/2 connection.
 {"metadata":{"emulator":{"name":"firestore"},"message":"Oct 29, 2022 3:55:20 P.M. io.gapi.emulators.netty.HttpVersionRoutingHandler channelRead\nINFO: Detected non-HTTP/2 connection.\n"}}
[debug] [2022-10-29T19:55:21.382Z] Oct 29, 2022 3:55:21 P.M. io.gapi.emulators.netty.HttpVersionRoutingHandler channelRead
INFO: Detected non-HTTP/2 connection.
 {"metadata":{"emulator":{"name":"firestore"},"message":"Oct 29, 2022 3:55:21 P.M. io.gapi.emulators.netty.HttpVersionRoutingHandler channelRead\nINFO: Detected non-HTTP/2 connection.\n"}}
[debug] [2022-10-29T19:55:21.386Z] Oct 29, 2022 3:55:21 P.M. com.google.cloud.datastore.emulator.firestore.webchannel.FirestoreV1WebChannelAdapter$FirestoreListenHandler onClose
INFO: channel closed
 {"metadata":{"emulator":{"name":"firestore"},"message":"Oct 29, 2022 3:55:21 P.M. com.google.cloud.datastore.emulator.firestore.webchannel.FirestoreV1WebChannelAdapter$FirestoreListenHandler onClose\nINFO: channel closed\n"}}
[debug] [2022-10-29T19:55:52.753Z] Oct 29, 2022 3:55:52 P.M. io.gapi.emulators.netty.HttpVersionRoutingHandler channelRead
INFO: Detected non-HTTP/2 connection.
 {"metadata":{"emulator":{"name":"firestore"},"message":"Oct 29, 2022 3:55:52 P.M. io.gapi.emulators.netty.HttpVersionRoutingHandler channelRead\nINFO: Detected non-HTTP/2 connection.\n"}}
[debug] [2022-10-29T19:56:52.770Z] Oct 29, 2022 3:56:52 P.M. io.gapi.emulators.netty.HttpVersionRoutingHandler channelRead
INFO: Detected non-HTTP/2 connection.
 {"metadata":{"emulator":{"name":"firestore"},"message":"Oct 29, 2022 3:56:52 P.M. io.gapi.emulators.netty.HttpVersionRoutingHandler channelRead\nINFO: Detected non-HTTP/2 connection.\n"}}
[debug] [2022-10-29T19:57:52.795Z] Oct 29, 2022 3:57:52 P.M. io.gapi.emulators.netty.HttpVersionRoutingHandler channelRead
INFO: Detected non-HTTP/2 connection.
 {"metadata":{"emulator":{"name":"firestore"},"message":"Oct 29, 2022 3:57:52 P.M. io.gapi.emulators.netty.HttpVersionRoutingHandler channelRead\nINFO: Detected non-HTTP/2 connection.\n"}}
[debug] [2022-10-29T19:58:52.812Z] Oct 29, 2022 3:58:52 P.M. io.gapi.emulators.netty.HttpVersionRoutingHandler channelRead
INFO: Detected non-HTTP/2 connection.
 {"metadata":{"emulator":{"name":"firestore"},"message":"Oct 29, 2022 3:58:52 P.M. io.gapi.emulators.netty.HttpVersionRoutingHandler channelRead\nINFO: Detected non-HTTP/2 connection.\n"}}
[debug] [2022-10-29T19:58:58.824Z] Oct 29, 2022 3:58:58 P.M. io.gapi.emulators.netty.HttpVersionRoutingHandler channelRead
INFO: Detected non-HTTP/2 connection.
 {"metadata":{"emulator":{"name":"firestore"},"message":"Oct 29, 2022 3:58:58 P.M. io.gapi.emulators.netty.HttpVersionRoutingHandler channelRead\nINFO: Detected non-HTTP/2 connection.\n"}}
[debug] [2022-10-29T19:58:58.865Z] Oct 29, 2022 3:58:58 P.M. io.gapi.emulators.netty.HttpVersionRoutingHandler channelRead
INFO: Detected non-HTTP/2 connection.
 {"metadata":{"emulator":{"name":"firestore"},"message":"Oct 29, 2022 3:58:58 P.M. io.gapi.emulators.netty.HttpVersionRoutingHandler channelRead\nINFO: Detected non-HTTP/2 connection.\n"}}
[debug] [2022-10-29T19:58:58.906Z] Oct 29, 2022 3:58:58 P.M. io.gapi.emulators.netty.HttpVersionRoutingHandler channelRead
INFO: Detected non-HTTP/2 connection.
 {"metadata":{"emulator":{"name":"firestore"},"message":"Oct 29, 2022 3:58:58 P.M. io.gapi.emulators.netty.HttpVersionRoutingHandler channelRead\nINFO: Detected non-HTTP/2 connection.\n"}}
[debug] [2022-10-29T19:59:52.827Z] Oct 29, 2022 3:59:52 P.M. io.gapi.emulators.netty.HttpVersionRoutingHandler channelRead
INFO: Detected non-HTTP/2 connection.
 {"metadata":{"emulator":{"name":"firestore"},"message":"Oct 29, 2022 3:59:52 P.M. io.gapi.emulators.netty.HttpVersionRoutingHandler channelRead\nINFO: Detected non-HTTP/2 connection.\n"}}
[debug] [2022-10-29T19:59:58.931Z] Oct 29, 2022 3:59:58 P.M. io.gapi.emulators.netty.HttpVersionRoutingHandler channelRead
INFO: Detected non-HTTP/2 connection.
 {"metadata":{"emulator":{"name":"firestore"},"message":"Oct 29, 2022 3:59:58 P.M. io.gapi.emulators.netty.HttpVersionRoutingHandler channelRead\nINFO: Detected non-HTTP/2 connection.\n"}}
[debug] [2022-10-29T19:59:59.108Z] Oct 29, 2022 3:59:59 P.M. io.gapi.emulators.netty.HttpVersionRoutingHandler channelRead
INFO: Detected non-HTTP/2 connection.
 {"metadata":{"emulator":{"name":"firestore"},"message":"Oct 29, 2022 3:59:59 P.M. io.gapi.emulators.netty.HttpVersionRoutingHandler channelRead\nINFO: Detected non-HTTP/2 connection.\n"}}
[debug] [2022-10-29T19:59:59.112Z] Oct 29, 2022 3:59:59 P.M. com.google.cloud.datastore.emulator.firestore.webchannel.FirestoreV1WebChannelAdapter$FirestoreListenHandler onClose
INFO: channel closed
 {"metadata":{"emulator":{"name":"firestore"},"message":"Oct 29, 2022 3:59:59 P.M. com.google.cloud.datastore.emulator.firestore.webchannel.FirestoreV1WebChannelAdapter$FirestoreListenHandler onClose\nINFO: channel closed\n"}}
[debug] [2022-10-29T20:00:52.852Z] Oct 29, 2022 4:00:52 P.M. io.gapi.emulators.netty.HttpVersionRoutingHandler channelRead
INFO: Detected non-HTTP/2 connection.
 {"metadata":{"emulator":{"name":"firestore"},"message":"Oct 29, 2022 4:00:52 P.M. io.gapi.emulators.netty.HttpVersionRoutingHandler channelRead\nINFO: Detected non-HTTP/2 connection.\n"}}
[debug] [2022-10-29T20:02:30.625Z] Oct 29, 2022 4:02:30 P.M. io.gapi.emulators.netty.HttpVersionRoutingHandler channelRead
INFO: Detected non-HTTP/2 connection.
 {"metadata":{"emulator":{"name":"firestore"},"message":"Oct 29, 2022 4:02:30 P.M. io.gapi.emulators.netty.HttpVersionRoutingHandler channelRead\nINFO: Detected non-HTTP/2 connection.\n"}}
[debug] [2022-10-29T20:03:30.652Z] Oct 29, 2022 4:03:30 P.M. io.gapi.emulators.netty.HttpVersionRoutingHandler channelRead
INFO: Detected non-HTTP/2 connection.
 {"metadata":{"emulator":{"name":"firestore"},"message":"Oct 29, 2022 4:03:30 P.M. io.gapi.emulators.netty.HttpVersionRoutingHandler channelRead\nINFO: Detected non-HTTP/2 connection.\n"}}
[debug] [2022-10-29T20:04:30.678Z] Oct 29, 2022 4:04:30 P.M. io.gapi.emulators.netty.HttpVersionRoutingHandler channelRead
INFO: Detected non-HTTP/2 connection.
 {"metadata":{"emulator":{"name":"firestore"},"message":"Oct 29, 2022 4:04:30 P.M. io.gapi.emulators.netty.HttpVersionRoutingHandler channelRead\nINFO: Detected non-HTTP/2 connection.\n"}}
[debug] [2022-10-29T20:05:30.699Z] Oct 29, 2022 4:05:30 P.M. io.gapi.emulators.netty.HttpVersionRoutingHandler channelRead
INFO: Detected non-HTTP/2 connection.
 {"metadata":{"emulator":{"name":"firestore"},"message":"Oct 29, 2022 4:05:30 P.M. io.gapi.emulators.netty.HttpVersionRoutingHandler channelRead\nINFO: Detected non-HTTP/2 connection.\n"}}
[debug] [2022-10-29T20:06:30.719Z] Oct 29, 2022 4:06:30 P.M. io.gapi.emulators.netty.HttpVersionRoutingHandler channelRead
INFO: Detected non-HTTP/2 connection.
 {"metadata":{"emulator":{"name":"firestore"},"message":"Oct 29, 2022 4:06:30 P.M. io.gapi.emulators.netty.HttpVersionRoutingHandler channelRead\nINFO: Detected non-HTTP/2 connection.\n"}}
[debug] [2022-10-29T20:07:30.738Z] Oct 29, 2022 4:07:30 P.M. io.gapi.emulators.netty.HttpVersionRoutingHandler channelRead
INFO: Detected non-HTTP/2 connection.
 {"metadata":{"emulator":{"name":"firestore"},"message":"Oct 29, 2022 4:07:30 P.M. io.gapi.emulators.netty.HttpVersionRoutingHandler channelRead\nINFO: Detected non-HTTP/2 connection.\n"}}
[debug] [2022-10-29T20:08:30.749Z] Oct 29, 2022 4:08:30 P.M. io.gapi.emulators.netty.HttpVersionRoutingHandler channelRead
INFO: Detected non-HTTP/2 connection.
 {"metadata":{"emulator":{"name":"firestore"},"message":"Oct 29, 2022 4:08:30 P.M. io.gapi.emulators.netty.HttpVersionRoutingHandler channelRead\nINFO: Detected non-HTTP/2 connection.\n"}}
[debug] [2022-10-29T20:09:30.761Z] Oct 29, 2022 4:09:30 P.M. io.gapi.emulators.netty.HttpVersionRoutingHandler channelRead
INFO: Detected non-HTTP/2 connection.
 {"metadata":{"emulator":{"name":"firestore"},"message":"Oct 29, 2022 4:09:30 P.M. io.gapi.emulators.netty.HttpVersionRoutingHandler channelRead\nINFO: Detected non-HTTP/2 connection.\n"}}
[debug] [2022-10-29T20:09:37.743Z] Oct 29, 2022 4:09:37 P.M. io.gapi.emulators.netty.HttpVersionRoutingHandler channelRead
INFO: Detected non-HTTP/2 connection.
 {"metadata":{"emulator":{"name":"firestore"},"message":"Oct 29, 2022 4:09:37 P.M. io.gapi.emulators.netty.HttpVersionRoutingHandler channelRead\nINFO: Detected non-HTTP/2 connection.\n"}}
[debug] [2022-10-29T20:09:37.743Z] Oct 29, 2022 4:09:37 P.M. io.gapi.emulators.netty.HttpVersionRoutingHandler channelRead
INFO: Detected non-HTTP/2 connection.
Oct 29, 2022 4:09:37 P.M. io.gapi.emulators.netty.HttpVersionRoutingHandler channelRead
INFO: Detected non-HTTP/2 connection.
 {"metadata":{"emulator":{"name":"firestore"},"message":"Oct 29, 2022 4:09:37 P.M. io.gapi.emulators.netty.HttpVersionRoutingHandler channelRead\nINFO: Detected non-HTTP/2 connection.\nOct 29, 2022 4:09:37 P.M. io.gapi.emulators.netty.HttpVersionRoutingHandler channelRead\nINFO: Detected non-HTTP/2 connection.\n"}}
[debug] [2022-10-29T20:09:37.753Z] Oct 29, 2022 4:09:37 P.M. io.gapi.emulators.netty.HttpVersionRoutingHandler channelRead
INFO: Detected HTTP/2 connection.
 {"metadata":{"emulator":{"name":"firestore"},"message":"Oct 29, 2022 4:09:37 P.M. io.gapi.emulators.netty.HttpVersionRoutingHandler channelRead\nINFO: Detected HTTP/2 connection.\n"}}
[debug] [2022-10-29T20:09:37.762Z] Oct 29, 2022 4:09:37 P.M. io.gapi.emulators.netty.HttpVersionRoutingHandler channelRead
INFO: Detected non-HTTP/2 connection.
 {"metadata":{"emulator":{"name":"firestore"},"message":"Oct 29, 2022 4:09:37 P.M. io.gapi.emulators.netty.HttpVersionRoutingHandler channelRead\nINFO: Detected non-HTTP/2 connection.\n"}}
[debug] [2022-10-29T20:10:30.771Z] Oct 29, 2022 4:10:30 P.M. io.gapi.emulators.netty.HttpVersionRoutingHandler channelRead
INFO: Detected non-HTTP/2 connection.
 {"metadata":{"emulator":{"name":"firestore"},"message":"Oct 29, 2022 4:10:30 P.M. io.gapi.emulators.netty.HttpVersionRoutingHandler channelRead\nINFO: Detected non-HTTP/2 connection.\n"}}
[debug] [2022-10-29T20:11:30.795Z] Oct 29, 2022 4:11:30 P.M. io.gapi.emulators.netty.HttpVersionRoutingHandler channelRead
INFO: Detected non-HTTP/2 connection.
 {"metadata":{"emulator":{"name":"firestore"},"message":"Oct 29, 2022 4:11:30 P.M. io.gapi.emulators.netty.HttpVersionRoutingHandler channelRead\nINFO: Detected non-HTTP/2 connection.\n"}}
[debug] [2022-10-29T20:12:30.815Z] Oct 29, 2022 4:12:30 P.M. io.gapi.emulators.netty.HttpVersionRoutingHandler channelRead
INFO: Detected non-HTTP/2 connection.
 {"metadata":{"emulator":{"name":"firestore"},"message":"Oct 29, 2022 4:12:30 P.M. io.gapi.emulators.netty.HttpVersionRoutingHandler channelRead\nINFO: Detected non-HTTP/2 connection.\n"}}
[debug] [2022-10-29T20:13:30.831Z] Oct 29, 2022 4:13:30 P.M. io.gapi.emulators.netty.HttpVersionRoutingHandler channelRead
INFO: Detected non-HTTP/2 connection.
 {"metadata":{"emulator":{"name":"firestore"},"message":"Oct 29, 2022 4:13:30 P.M. io.gapi.emulators.netty.HttpVersionRoutingHandler channelRead\nINFO: Detected non-HTTP/2 connection.\n"}}
[debug] [2022-10-29T20:14:30.845Z] Oct 29, 2022 4:14:30 P.M. io.gapi.emulators.netty.HttpVersionRoutingHandler channelRead
INFO: Detected non-HTTP/2 connection.
 {"metadata":{"emulator":{"name":"firestore"},"message":"Oct 29, 2022 4:14:30 P.M. io.gapi.emulators.netty.HttpVersionRoutingHandler channelRead\nINFO: Detected non-HTTP/2 connection.\n"}}
[debug] [2022-10-29T20:15:30.860Z] Oct 29, 2022 4:15:30 P.M. io.gapi.emulators.netty.HttpVersionRoutingHandler channelRead
INFO: Detected non-HTTP/2 connection.
 {"metadata":{"emulator":{"name":"firestore"},"message":"Oct 29, 2022 4:15:30 P.M. io.gapi.emulators.netty.HttpVersionRoutingHandler channelRead\nINFO: Detected non-HTTP/2 connection.\n"}}
[debug] [2022-10-29T20:15:46.411Z] Oct 29, 2022 4:15:46 P.M. io.gapi.emulators.netty.HttpVersionRoutingHandler channelRead
INFO: Detected non-HTTP/2 connection.
 {"metadata":{"emulator":{"name":"firestore"},"message":"Oct 29, 2022 4:15:46 P.M. io.gapi.emulators.netty.HttpVersionRoutingHandler channelRead\nINFO: Detected non-HTTP/2 connection.\n"}}
[debug] [2022-10-29T20:15:46.431Z] Oct 29, 2022 4:15:46 P.M. com.google.cloud.datastore.emulator.firestore.websocket.WebSocketChannelHandler initChannel
INFO: Connected to new websocket client
 {"metadata":{"emulator":{"name":"firestore"},"message":"Oct 29, 2022 4:15:46 P.M. com.google.cloud.datastore.emulator.firestore.websocket.WebSocketChannelHandler initChannel\nINFO: Connected to new websocket client\n"}}
[debug] [2022-10-29T20:16:30.880Z] Oct 29, 2022 4:16:30 P.M. io.gapi.emulators.netty.HttpVersionRoutingHandler channelRead
INFO: Detected non-HTTP/2 connection.
 {"metadata":{"emulator":{"name":"firestore"},"message":"Oct 29, 2022 4:16:30 P.M. io.gapi.emulators.netty.HttpVersionRoutingHandler channelRead\nINFO: Detected non-HTTP/2 connection.\n"}}
[debug] [2022-10-29T20:17:30.900Z] Oct 29, 2022 4:17:30 P.M. io.gapi.emulators.netty.HttpVersionRoutingHandler channelRead
INFO: Detected non-HTTP/2 connection.
 {"metadata":{"emulator":{"name":"firestore"},"message":"Oct 29, 2022 4:17:30 P.M. io.gapi.emulators.netty.HttpVersionRoutingHandler channelRead\nINFO: Detected non-HTTP/2 connection.\n"}}
[debug] [2022-10-29T20:18:30.406Z] Oct 29, 2022 4:18:30 P.M. io.gapi.emulators.netty.HttpVersionRoutingHandler channelRead
INFO: Detected non-HTTP/2 connection.
 {"metadata":{"emulator":{"name":"firestore"},"message":"Oct 29, 2022 4:18:30 P.M. io.gapi.emulators.netty.HttpVersionRoutingHandler channelRead\nINFO: Detected non-HTTP/2 connection.\n"}}
[debug] [2022-10-29T20:18:30.406Z] Oct 29, 2022 4:18:30 P.M. io.gapi.emulators.netty.HttpVersionRoutingHandler channelRead
INFO: Detected non-HTTP/2 connection.
 {"metadata":{"emulator":{"name":"firestore"},"message":"Oct 29, 2022 4:18:30 P.M. io.gapi.emulators.netty.HttpVersionRoutingHandler channelRead\nINFO: Detected non-HTTP/2 connection.\n"}}
[debug] [2022-10-29T20:18:30.407Z] Oct 29, 2022 4:18:30 P.M. io.gapi.emulators.netty.HttpVersionRoutingHandler channelRead
INFO: Detected non-HTTP/2 connection.
 {"metadata":{"emulator":{"name":"firestore"},"message":"Oct 29, 2022 4:18:30 P.M. io.gapi.emulators.netty.HttpVersionRoutingHandler channelRead\nINFO: Detected non-HTTP/2 connection.\n"}}
[debug] [2022-10-29T20:18:30.420Z] Oct 29, 2022 4:18:30 P.M. io.gapi.emulators.netty.HttpVersionRoutingHandler channelRead
INFO: Detected non-HTTP/2 connection.
 {"metadata":{"emulator":{"name":"firestore"},"message":"Oct 29, 2022 4:18:30 P.M. io.gapi.emulators.netty.HttpVersionRoutingHandler channelRead\nINFO: Detected non-HTTP/2 connection.\n"}}
[debug] [2022-10-29T20:18:30.919Z] Oct 29, 2022 4:18:30 P.M. io.gapi.emulators.netty.HttpVersionRoutingHandler channelRead
INFO: Detected non-HTTP/2 connection.
 {"metadata":{"emulator":{"name":"firestore"},"message":"Oct 29, 2022 4:18:30 P.M. io.gapi.emulators.netty.HttpVersionRoutingHandler channelRead\nINFO: Detected non-HTTP/2 connection.\n"}}
[debug] [2022-10-29T20:19:30.939Z] Oct 29, 2022 4:19:30 P.M. io.gapi.emulators.netty.HttpVersionRoutingHandler channelRead
INFO: Detected non-HTTP/2 connection.
 {"metadata":{"emulator":{"name":"firestore"},"message":"Oct 29, 2022 4:19:30 P.M. io.gapi.emulators.netty.HttpVersionRoutingHandler channelRead\nINFO: Detected non-HTTP/2 connection.\n"}}
[debug] [2022-10-29T20:20:04.817Z] Oct 29, 2022 4:20:04 P.M. io.gapi.emulators.netty.HttpVersionRoutingHandler channelRead
INFO: Detected non-HTTP/2 connection.
 {"metadata":{"emulator":{"name":"firestore"},"message":"Oct 29, 2022 4:20:04 P.M. io.gapi.emulators.netty.HttpVersionRoutingHandler channelRead\nINFO: Detected non-HTTP/2 connection.\n"}}
[debug] [2022-10-29T20:20:30.961Z] Oct 29, 2022 4:20:30 P.M. io.gapi.emulators.netty.HttpVersionRoutingHandler channelRead
INFO: Detected non-HTTP/2 connection.
 {"metadata":{"emulator":{"name":"firestore"},"message":"Oct 29, 2022 4:20:30 P.M. io.gapi.emulators.netty.HttpVersionRoutingHandler channelRead\nINFO: Detected non-HTTP/2 connection.\n"}}
[debug] [2022-10-29T20:21:39.797Z] Oct 29, 2022 4:21:39 P.M. io.gapi.emulators.netty.HttpVersionRoutingHandler channelRead
INFO: Detected non-HTTP/2 connection.
 {"metadata":{"emulator":{"name":"firestore"},"message":"Oct 29, 2022 4:21:39 P.M. io.gapi.emulators.netty.HttpVersionRoutingHandler channelRead\nINFO: Detected non-HTTP/2 connection.\n"}}
[debug] [2022-10-29T20:21:46.153Z] Oct 29, 2022 4:21:46 P.M. io.gapi.emulators.netty.HttpVersionRoutingHandler channelRead
INFO: Detected non-HTTP/2 connection.
 {"metadata":{"emulator":{"name":"firestore"},"message":"Oct 29, 2022 4:21:46 P.M. io.gapi.emulators.netty.HttpVersionRoutingHandler channelRead\nINFO: Detected non-HTTP/2 connection.\n"}}
[debug] [2022-10-29T20:21:53.347Z] Oct 29, 2022 4:21:53 P.M. io.gapi.emulators.netty.HttpVersionRoutingHandler channelRead
INFO: Detected non-HTTP/2 connection.
 {"metadata":{"emulator":{"name":"firestore"},"message":"Oct 29, 2022 4:21:53 P.M. io.gapi.emulators.netty.HttpVersionRoutingHandler channelRead\nINFO: Detected non-HTTP/2 connection.\n"}}
[debug] [2022-10-29T20:22:36.347Z] Oct 29, 2022 4:22:36 P.M. io.gapi.emulators.netty.HttpVersionRoutingHandler channelRead
INFO: Detected non-HTTP/2 connection.
 {"metadata":{"emulator":{"name":"firestore"},"message":"Oct 29, 2022 4:22:36 P.M. io.gapi.emulators.netty.HttpVersionRoutingHandler channelRead\nINFO: Detected non-HTTP/2 connection.\n"}}
[debug] [2022-10-29T20:22:46.172Z] Oct 29, 2022 4:22:46 P.M. io.gapi.emulators.netty.HttpVersionRoutingHandler channelRead
INFO: Detected non-HTTP/2 connection.
 {"metadata":{"emulator":{"name":"firestore"},"message":"Oct 29, 2022 4:22:46 P.M. io.gapi.emulators.netty.HttpVersionRoutingHandler channelRead\nINFO: Detected non-HTTP/2 connection.\n"}}
[debug] [2022-10-29T20:23:38.198Z] Oct 29, 2022 4:23:38 P.M. io.gapi.emulators.netty.HttpVersionRoutingHandler channelRead
INFO: Detected non-HTTP/2 connection.
 {"metadata":{"emulator":{"name":"firestore"},"message":"Oct 29, 2022 4:23:38 P.M. io.gapi.emulators.netty.HttpVersionRoutingHandler channelRead\nINFO: Detected non-HTTP/2 connection.\n"}}
[debug] [2022-10-29T20:23:38.227Z] Oct 29, 2022 4:23:38 P.M. io.gapi.emulators.netty.HttpVersionRoutingHandler channelRead
INFO: Detected non-HTTP/2 connection.
 {"metadata":{"emulator":{"name":"firestore"},"message":"Oct 29, 2022 4:23:38 P.M. io.gapi.emulators.netty.HttpVersionRoutingHandler channelRead\nINFO: Detected non-HTTP/2 connection.\n"}}
[debug] [2022-10-29T20:23:38.239Z] Oct 29, 2022 4:23:38 P.M. io.gapi.emulators.netty.HttpVersionRoutingHandler channelRead
INFO: Detected non-HTTP/2 connection.
 {"metadata":{"emulator":{"name":"firestore"},"message":"Oct 29, 2022 4:23:38 P.M. io.gapi.emulators.netty.HttpVersionRoutingHandler channelRead\nINFO: Detected non-HTTP/2 connection.\n"}}
[debug] [2022-10-29T20:23:46.192Z] Oct 29, 2022 4:23:46 P.M. io.gapi.emulators.netty.HttpVersionRoutingHandler channelRead
INFO: Detected non-HTTP/2 connection.
 {"metadata":{"emulator":{"name":"firestore"},"message":"Oct 29, 2022 4:23:46 P.M. io.gapi.emulators.netty.HttpVersionRoutingHandler channelRead\nINFO: Detected non-HTTP/2 connection.\n"}}
[debug] [2022-10-29T20:24:02.757Z] Oct 29, 2022 4:24:02 P.M. io.gapi.emulators.netty.HttpVersionRoutingHandler channelRead
INFO: Detected non-HTTP/2 connection.
 {"metadata":{"emulator":{"name":"firestore"},"message":"Oct 29, 2022 4:24:02 P.M. io.gapi.emulators.netty.HttpVersionRoutingHandler channelRead\nINFO: Detected non-HTTP/2 connection.\n"}}
[debug] [2022-10-29T20:24:04.713Z] Oct 29, 2022 4:24:04 P.M. io.gapi.emulators.netty.HttpVersionRoutingHandler channelRead
INFO: Detected non-HTTP/2 connection.
 {"metadata":{"emulator":{"name":"firestore"},"message":"Oct 29, 2022 4:24:04 P.M. io.gapi.emulators.netty.HttpVersionRoutingHandler channelRead\nINFO: Detected non-HTTP/2 connection.\n"}}
[debug] [2022-10-29T20:24:05.605Z] Oct 29, 2022 4:24:05 P.M. io.gapi.emulators.netty.HttpVersionRoutingHandler channelRead
INFO: Detected non-HTTP/2 connection.
 {"metadata":{"emulator":{"name":"firestore"},"message":"Oct 29, 2022 4:24:05 P.M. io.gapi.emulators.netty.HttpVersionRoutingHandler channelRead\nINFO: Detected non-HTTP/2 connection.\n"}}
[debug] [2022-10-29T20:24:05.640Z] Oct 29, 2022 4:24:05 P.M. io.gapi.emulators.netty.HttpVersionRoutingHandler channelRead
INFO: Detected non-HTTP/2 connection.
 {"metadata":{"emulator":{"name":"firestore"},"message":"Oct 29, 2022 4:24:05 P.M. io.gapi.emulators.netty.HttpVersionRoutingHandler channelRead\nINFO: Detected non-HTTP/2 connection.\n"}}
[debug] [2022-10-29T20:24:05.659Z] Oct 29, 2022 4:24:05 P.M. io.gapi.emulators.netty.HttpVersionRoutingHandler channelRead
INFO: Detected non-HTTP/2 connection.
 {"metadata":{"emulator":{"name":"firestore"},"message":"Oct 29, 2022 4:24:05 P.M. io.gapi.emulators.netty.HttpVersionRoutingHandler channelRead\nINFO: Detected non-HTTP/2 connection.\n"}}
[debug] [2022-10-29T20:24:46.214Z] Oct 29, 2022 4:24:46 P.M. io.gapi.emulators.netty.HttpVersionRoutingHandler channelRead
INFO: Detected non-HTTP/2 connection.
 {"metadata":{"emulator":{"name":"firestore"},"message":"Oct 29, 2022 4:24:46 P.M. io.gapi.emulators.netty.HttpVersionRoutingHandler channelRead\nINFO: Detected non-HTTP/2 connection.\n"}}
[debug] [2022-10-29T20:25:05.671Z] Oct 29, 2022 4:25:05 P.M. io.gapi.emulators.netty.HttpVersionRoutingHandler channelRead
INFO: Detected non-HTTP/2 connection.
 {"metadata":{"emulator":{"name":"firestore"},"message":"Oct 29, 2022 4:25:05 P.M. io.gapi.emulators.netty.HttpVersionRoutingHandler channelRead\nINFO: Detected non-HTTP/2 connection.\n"}}
[debug] [2022-10-29T20:25:05.675Z] Oct 29, 2022 4:25:05 P.M. com.google.cloud.datastore.emulator.firestore.webchannel.FirestoreV1WebChannelAdapter$FirestoreListenHandler onClose
INFO: channel closed
 {"metadata":{"emulator":{"name":"firestore"},"message":"Oct 29, 2022 4:25:05 P.M. com.google.cloud.datastore.emulator.firestore.webchannel.FirestoreV1WebChannelAdapter$FirestoreListenHandler onClose\nINFO: channel closed\n"}}
[debug] [2022-10-29T20:25:21.226Z] Oct 29, 2022 4:25:21 P.M. io.gapi.emulators.netty.HttpVersionRoutingHandler channelRead
INFO: Detected non-HTTP/2 connection.
 {"metadata":{"emulator":{"name":"firestore"},"message":"Oct 29, 2022 4:25:21 P.M. io.gapi.emulators.netty.HttpVersionRoutingHandler channelRead\nINFO: Detected non-HTTP/2 connection.\n"}}
[debug] [2022-10-29T20:25:21.262Z] Oct 29, 2022 4:25:21 P.M. io.gapi.emulators.netty.HttpVersionRoutingHandler channelRead
INFO: Detected non-HTTP/2 connection.
 {"metadata":{"emulator":{"name":"firestore"},"message":"Oct 29, 2022 4:25:21 P.M. io.gapi.emulators.netty.HttpVersionRoutingHandler channelRead\nINFO: Detected non-HTTP/2 connection.\n"}}
[debug] [2022-10-29T20:25:21.277Z] Oct 29, 2022 4:25:21 P.M. io.gapi.emulators.netty.HttpVersionRoutingHandler channelRead
INFO: Detected non-HTTP/2 connection.
 {"metadata":{"emulator":{"name":"firestore"},"message":"Oct 29, 2022 4:25:21 P.M. io.gapi.emulators.netty.HttpVersionRoutingHandler channelRead\nINFO: Detected non-HTTP/2 connection.\n"}}
[debug] [2022-10-29T20:25:46.234Z] Oct 29, 2022 4:25:46 P.M. io.gapi.emulators.netty.HttpVersionRoutingHandler channelRead
INFO: Detected non-HTTP/2 connection.
 {"metadata":{"emulator":{"name":"firestore"},"message":"Oct 29, 2022 4:25:46 P.M. io.gapi.emulators.netty.HttpVersionRoutingHandler channelRead\nINFO: Detected non-HTTP/2 connection.\n"}}
[debug] [2022-10-29T20:26:21.309Z] Oct 29, 2022 4:26:21 P.M. io.gapi.emulators.netty.HttpVersionRoutingHandler channelRead
INFO: Detected non-HTTP/2 connection.
 {"metadata":{"emulator":{"name":"firestore"},"message":"Oct 29, 2022 4:26:21 P.M. io.gapi.emulators.netty.HttpVersionRoutingHandler channelRead\nINFO: Detected non-HTTP/2 connection.\n"}}
[debug] [2022-10-29T20:26:22.376Z] Oct 29, 2022 4:26:22 P.M. io.gapi.emulators.netty.HttpVersionRoutingHandler channelRead
INFO: Detected non-HTTP/2 connection.
 {"metadata":{"emulator":{"name":"firestore"},"message":"Oct 29, 2022 4:26:22 P.M. io.gapi.emulators.netty.HttpVersionRoutingHandler channelRead\nINFO: Detected non-HTTP/2 connection.\n"}}
[debug] [2022-10-29T20:26:22.380Z] Oct 29, 2022 4:26:22 P.M. com.google.cloud.datastore.emulator.firestore.webchannel.FirestoreV1WebChannelAdapter$FirestoreListenHandler onClose
INFO: channel closed
 {"metadata":{"emulator":{"name":"firestore"},"message":"Oct 29, 2022 4:26:22 P.M. com.google.cloud.datastore.emulator.firestore.webchannel.FirestoreV1WebChannelAdapter$FirestoreListenHandler onClose\nINFO: channel closed\n"}}
[debug] [2022-10-29T20:26:29.607Z] Oct 29, 2022 4:26:29 P.M. io.gapi.emulators.netty.HttpVersionRoutingHandler channelRead
INFO: Detected non-HTTP/2 connection.
 {"metadata":{"emulator":{"name":"firestore"},"message":"Oct 29, 2022 4:26:29 P.M. io.gapi.emulators.netty.HttpVersionRoutingHandler channelRead\nINFO: Detected non-HTTP/2 connection.\n"}}
[debug] [2022-10-29T20:26:29.624Z] Oct 29, 2022 4:26:29 P.M. io.gapi.emulators.netty.HttpVersionRoutingHandler channelRead
INFO: Detected non-HTTP/2 connection.
 {"metadata":{"emulator":{"name":"firestore"},"message":"Oct 29, 2022 4:26:29 P.M. io.gapi.emulators.netty.HttpVersionRoutingHandler channelRead\nINFO: Detected non-HTTP/2 connection.\n"}}
[debug] [2022-10-29T20:26:29.646Z] Oct 29, 2022 4:26:29 P.M. io.gapi.emulators.netty.HttpVersionRoutingHandler channelRead
INFO: Detected non-HTTP/2 connection.
 {"metadata":{"emulator":{"name":"firestore"},"message":"Oct 29, 2022 4:26:29 P.M. io.gapi.emulators.netty.HttpVersionRoutingHandler channelRead\nINFO: Detected non-HTTP/2 connection.\n"}}
[debug] [2022-10-29T20:26:46.251Z] Oct 29, 2022 4:26:46 P.M. io.gapi.emulators.netty.HttpVersionRoutingHandler channelRead
INFO: Detected non-HTTP/2 connection.
 {"metadata":{"emulator":{"name":"firestore"},"message":"Oct 29, 2022 4:26:46 P.M. io.gapi.emulators.netty.HttpVersionRoutingHandler channelRead\nINFO: Detected non-HTTP/2 connection.\n"}}
[debug] [2022-10-29T20:27:29.659Z] Oct 29, 2022 4:27:29 P.M. io.gapi.emulators.netty.HttpVersionRoutingHandler channelRead
INFO: Detected non-HTTP/2 connection.
 {"metadata":{"emulator":{"name":"firestore"},"message":"Oct 29, 2022 4:27:29 P.M. io.gapi.emulators.netty.HttpVersionRoutingHandler channelRead\nINFO: Detected non-HTTP/2 connection.\n"}}
[debug] [2022-10-29T20:27:29.662Z] Oct 29, 2022 4:27:29 P.M. com.google.cloud.datastore.emulator.firestore.webchannel.FirestoreV1WebChannelAdapter$FirestoreListenHandler onClose
INFO: channel closed
 {"metadata":{"emulator":{"name":"firestore"},"message":"Oct 29, 2022 4:27:29 P.M. com.google.cloud.datastore.emulator.firestore.webchannel.FirestoreV1WebChannelAdapter$FirestoreListenHandler onClose\nINFO: channel closed\n"}}
[debug] [2022-10-29T20:27:46.275Z] Oct 29, 2022 4:27:46 P.M. io.gapi.emulators.netty.HttpVersionRoutingHandler channelRead
INFO: Detected non-HTTP/2 connection.
 {"metadata":{"emulator":{"name":"firestore"},"message":"Oct 29, 2022 4:27:46 P.M. io.gapi.emulators.netty.HttpVersionRoutingHandler channelRead\nINFO: Detected non-HTTP/2 connection.\n"}}
[debug] [2022-10-29T20:28:46.291Z] Oct 29, 2022 4:28:46 P.M. io.gapi.emulators.netty.HttpVersionRoutingHandler channelRead
INFO: Detected non-HTTP/2 connection.
 {"metadata":{"emulator":{"name":"firestore"},"message":"Oct 29, 2022 4:28:46 P.M. io.gapi.emulators.netty.HttpVersionRoutingHandler channelRead\nINFO: Detected non-HTTP/2 connection.\n"}}
[debug] [2022-10-29T20:29:46.310Z] Oct 29, 2022 4:29:46 P.M. io.gapi.emulators.netty.HttpVersionRoutingHandler channelRead
INFO: Detected non-HTTP/2 connection.
 {"metadata":{"emulator":{"name":"firestore"},"message":"Oct 29, 2022 4:29:46 P.M. io.gapi.emulators.netty.HttpVersionRoutingHandler channelRead\nINFO: Detected non-HTTP/2 connection.\n"}}
[debug] [2022-10-29T20:30:46.324Z] Oct 29, 2022 4:30:46 P.M. io.gapi.emulators.netty.HttpVersionRoutingHandler channelRead
INFO: Detected non-HTTP/2 connection.
 {"metadata":{"emulator":{"name":"firestore"},"message":"Oct 29, 2022 4:30:46 P.M. io.gapi.emulators.netty.HttpVersionRoutingHandler channelRead\nINFO: Detected non-HTTP/2 connection.\n"}}
[debug] [2022-10-29T20:32:03.037Z] Oct 29, 2022 4:32:03 P.M. io.gapi.emulators.netty.HttpVersionRoutingHandler channelRead
INFO: Detected non-HTTP/2 connection.
 {"metadata":{"emulator":{"name":"firestore"},"message":"Oct 29, 2022 4:32:03 P.M. io.gapi.emulators.netty.HttpVersionRoutingHandler channelRead\nINFO: Detected non-HTTP/2 connection.\n"}}
[debug] [2022-10-29T20:33:03.059Z] Oct 29, 2022 4:33:03 P.M. io.gapi.emulators.netty.HttpVersionRoutingHandler channelRead
INFO: Detected non-HTTP/2 connection.
 {"metadata":{"emulator":{"name":"firestore"},"message":"Oct 29, 2022 4:33:03 P.M. io.gapi.emulators.netty.HttpVersionRoutingHandler channelRead\nINFO: Detected non-HTTP/2 connection.\n"}}
[debug] [2022-10-29T20:34:03.076Z] Oct 29, 2022 4:34:03 P.M. io.gapi.emulators.netty.HttpVersionRoutingHandler channelRead
INFO: Detected non-HTTP/2 connection.
 {"metadata":{"emulator":{"name":"firestore"},"message":"Oct 29, 2022 4:34:03 P.M. io.gapi.emulators.netty.HttpVersionRoutingHandler channelRead\nINFO: Detected non-HTTP/2 connection.\n"}}
[debug] [2022-10-29T20:35:03.098Z] Oct 29, 2022 4:35:03 P.M. io.gapi.emulators.netty.HttpVersionRoutingHandler channelRead
INFO: Detected non-HTTP/2 connection.
 {"metadata":{"emulator":{"name":"firestore"},"message":"Oct 29, 2022 4:35:03 P.M. io.gapi.emulators.netty.HttpVersionRoutingHandler channelRead\nINFO: Detected non-HTTP/2 connection.\n"}}
[debug] [2022-10-29T20:36:01.632Z] Oct 29, 2022 4:36:01 P.M. io.gapi.emulators.netty.HttpVersionRoutingHandler channelRead
INFO: Detected non-HTTP/2 connection.
 {"metadata":{"emulator":{"name":"firestore"},"message":"Oct 29, 2022 4:36:01 P.M. io.gapi.emulators.netty.HttpVersionRoutingHandler channelRead\nINFO: Detected non-HTTP/2 connection.\n"}}
[debug] [2022-10-29T20:37:01.652Z] Oct 29, 2022 4:37:01 P.M. io.gapi.emulators.netty.HttpVersionRoutingHandler channelRead
INFO: Detected non-HTTP/2 connection.
 {"metadata":{"emulator":{"name":"firestore"},"message":"Oct 29, 2022 4:37:01 P.M. io.gapi.emulators.netty.HttpVersionRoutingHandler channelRead\nINFO: Detected non-HTTP/2 connection.\n"}}
[debug] [2022-10-29T20:37:40.846Z] Oct 29, 2022 4:37:40 P.M. io.gapi.emulators.netty.HttpVersionRoutingHandler channelRead
INFO: Detected non-HTTP/2 connection.
 {"metadata":{"emulator":{"name":"firestore"},"message":"Oct 29, 2022 4:37:40 P.M. io.gapi.emulators.netty.HttpVersionRoutingHandler channelRead\nINFO: Detected non-HTTP/2 connection.\n"}}
[debug] [2022-10-29T20:37:40.867Z] Oct 29, 2022 4:37:40 P.M. io.gapi.emulators.netty.HttpVersionRoutingHandler channelRead
INFO: Detected non-HTTP/2 connection.
 {"metadata":{"emulator":{"name":"firestore"},"message":"Oct 29, 2022 4:37:40 P.M. io.gapi.emulators.netty.HttpVersionRoutingHandler channelRead\nINFO: Detected non-HTTP/2 connection.\n"}}
[debug] [2022-10-29T20:37:40.883Z] Oct 29, 2022 4:37:40 P.M. io.gapi.emulators.netty.HttpVersionRoutingHandler channelRead
INFO: Detected non-HTTP/2 connection.
 {"metadata":{"emulator":{"name":"firestore"},"message":"Oct 29, 2022 4:37:40 P.M. io.gapi.emulators.netty.HttpVersionRoutingHandler channelRead\nINFO: Detected non-HTTP/2 connection.\n"}}
[debug] [2022-10-29T20:37:55.755Z] Oct 29, 2022 4:37:55 P.M. io.gapi.emulators.netty.HttpVersionRoutingHandler channelRead
INFO: Detected non-HTTP/2 connection.
 {"metadata":{"emulator":{"name":"firestore"},"message":"Oct 29, 2022 4:37:55 P.M. io.gapi.emulators.netty.HttpVersionRoutingHandler channelRead\nINFO: Detected non-HTTP/2 connection.\n"}}
[debug] [2022-10-29T20:37:56.616Z] Oct 29, 2022 4:37:56 P.M. io.gapi.emulators.netty.HttpVersionRoutingHandler channelRead
INFO: Detected non-HTTP/2 connection.
 {"metadata":{"emulator":{"name":"firestore"},"message":"Oct 29, 2022 4:37:56 P.M. io.gapi.emulators.netty.HttpVersionRoutingHandler channelRead\nINFO: Detected non-HTTP/2 connection.\n"}}
[debug] [2022-10-29T20:37:56.635Z] Oct 29, 2022 4:37:56 P.M. io.gapi.emulators.netty.HttpVersionRoutingHandler channelRead
INFO: Detected non-HTTP/2 connection.
 {"metadata":{"emulator":{"name":"firestore"},"message":"Oct 29, 2022 4:37:56 P.M. io.gapi.emulators.netty.HttpVersionRoutingHandler channelRead\nINFO: Detected non-HTTP/2 connection.\n"}}
[debug] [2022-10-29T20:37:56.647Z] Oct 29, 2022 4:37:56 P.M. io.gapi.emulators.netty.HttpVersionRoutingHandler channelRead
INFO: Detected non-HTTP/2 connection.
 {"metadata":{"emulator":{"name":"firestore"},"message":"Oct 29, 2022 4:37:56 P.M. io.gapi.emulators.netty.HttpVersionRoutingHandler channelRead\nINFO: Detected non-HTTP/2 connection.\n"}}
[debug] [2022-10-29T20:38:01.674Z] Oct 29, 2022 4:38:01 P.M. io.gapi.emulators.netty.HttpVersionRoutingHandler channelRead
INFO: Detected non-HTTP/2 connection.
 {"metadata":{"emulator":{"name":"firestore"},"message":"Oct 29, 2022 4:38:01 P.M. io.gapi.emulators.netty.HttpVersionRoutingHandler channelRead\nINFO: Detected non-HTTP/2 connection.\n"}}
[debug] [2022-10-29T20:38:56.653Z] Oct 29, 2022 4:38:56 P.M. io.gapi.emulators.netty.HttpVersionRoutingHandler channelRead
INFO: Detected non-HTTP/2 connection.
 {"metadata":{"emulator":{"name":"firestore"},"message":"Oct 29, 2022 4:38:56 P.M. io.gapi.emulators.netty.HttpVersionRoutingHandler channelRead\nINFO: Detected non-HTTP/2 connection.\n"}}
[debug] [2022-10-29T20:38:56.656Z] Oct 29, 2022 4:38:56 P.M. com.google.cloud.datastore.emulator.firestore.webchannel.FirestoreV1WebChannelAdapter$FirestoreListenHandler onClose
INFO: channel closed
 {"metadata":{"emulator":{"name":"firestore"},"message":"Oct 29, 2022 4:38:56 P.M. com.google.cloud.datastore.emulator.firestore.webchannel.FirestoreV1WebChannelAdapter$FirestoreListenHandler onClose\nINFO: channel closed\n"}}
[debug] [2022-10-29T20:39:01.691Z] Oct 29, 2022 4:39:01 P.M. io.gapi.emulators.netty.HttpVersionRoutingHandler channelRead
INFO: Detected non-HTTP/2 connection.
 {"metadata":{"emulator":{"name":"firestore"},"message":"Oct 29, 2022 4:39:01 P.M. io.gapi.emulators.netty.HttpVersionRoutingHandler channelRead\nINFO: Detected non-HTTP/2 connection.\n"}}
[debug] [2022-10-29T20:39:05.908Z] Oct 29, 2022 4:39:05 P.M. io.gapi.emulators.netty.HttpVersionRoutingHandler channelRead
INFO: Detected non-HTTP/2 connection.
 {"metadata":{"emulator":{"name":"firestore"},"message":"Oct 29, 2022 4:39:05 P.M. io.gapi.emulators.netty.HttpVersionRoutingHandler channelRead\nINFO: Detected non-HTTP/2 connection.\n"}}
[debug] [2022-10-29T20:39:05.931Z] Oct 29, 2022 4:39:05 P.M. io.gapi.emulators.netty.HttpVersionRoutingHandler channelRead
INFO: Detected non-HTTP/2 connection.
 {"metadata":{"emulator":{"name":"firestore"},"message":"Oct 29, 2022 4:39:05 P.M. io.gapi.emulators.netty.HttpVersionRoutingHandler channelRead\nINFO: Detected non-HTTP/2 connection.\n"}}
[debug] [2022-10-29T20:39:05.943Z] Oct 29, 2022 4:39:05 P.M. io.gapi.emulators.netty.HttpVersionRoutingHandler channelRead
INFO: Detected non-HTTP/2 connection.
 {"metadata":{"emulator":{"name":"firestore"},"message":"Oct 29, 2022 4:39:05 P.M. io.gapi.emulators.netty.HttpVersionRoutingHandler channelRead\nINFO: Detected non-HTTP/2 connection.\n"}}
[debug] [2022-10-29T20:40:01.710Z] Oct 29, 2022 4:40:01 P.M. io.gapi.emulators.netty.HttpVersionRoutingHandler channelRead
INFO: Detected non-HTTP/2 connection.
 {"metadata":{"emulator":{"name":"firestore"},"message":"Oct 29, 2022 4:40:01 P.M. io.gapi.emulators.netty.HttpVersionRoutingHandler channelRead\nINFO: Detected non-HTTP/2 connection.\n"}}
[debug] [2022-10-29T20:40:05.961Z] Oct 29, 2022 4:40:05 P.M. io.gapi.emulators.netty.HttpVersionRoutingHandler channelRead
INFO: Detected non-HTTP/2 connection.
 {"metadata":{"emulator":{"name":"firestore"},"message":"Oct 29, 2022 4:40:05 P.M. io.gapi.emulators.netty.HttpVersionRoutingHandler channelRead\nINFO: Detected non-HTTP/2 connection.\n"}}
[debug] [2022-10-29T20:40:06.047Z] Oct 29, 2022 4:40:06 P.M. io.gapi.emulators.netty.HttpVersionRoutingHandler channelRead
INFO: Detected non-HTTP/2 connection.
 {"metadata":{"emulator":{"name":"firestore"},"message":"Oct 29, 2022 4:40:06 P.M. io.gapi.emulators.netty.HttpVersionRoutingHandler channelRead\nINFO: Detected non-HTTP/2 connection.\n"}}
[debug] [2022-10-29T20:40:06.051Z] Oct 29, 2022 4:40:06 P.M. com.google.cloud.datastore.emulator.firestore.webchannel.FirestoreV1WebChannelAdapter$FirestoreListenHandler onClose
INFO: channel closed
 {"metadata":{"emulator":{"name":"firestore"},"message":"Oct 29, 2022 4:40:06 P.M. com.google.cloud.datastore.emulator.firestore.webchannel.FirestoreV1WebChannelAdapter$FirestoreListenHandler onClose\nINFO: channel closed\n"}}
[debug] [2022-10-29T20:41:01.728Z] Oct 29, 2022 4:41:01 P.M. io.gapi.emulators.netty.HttpVersionRoutingHandler channelRead
INFO: Detected non-HTTP/2 connection.
 {"metadata":{"emulator":{"name":"firestore"},"message":"Oct 29, 2022 4:41:01 P.M. io.gapi.emulators.netty.HttpVersionRoutingHandler channelRead\nINFO: Detected non-HTTP/2 connection.\n"}}
[debug] [2022-10-29T20:42:21.069Z] Oct 29, 2022 4:42:21 P.M. io.gapi.emulators.netty.HttpVersionRoutingHandler channelRead
INFO: Detected non-HTTP/2 connection.
 {"metadata":{"emulator":{"name":"firestore"},"message":"Oct 29, 2022 4:42:21 P.M. io.gapi.emulators.netty.HttpVersionRoutingHandler channelRead\nINFO: Detected non-HTTP/2 connection.\n"}}
[debug] [2022-10-29T20:43:29.945Z] Oct 29, 2022 4:43:29 P.M. io.gapi.emulators.netty.HttpVersionRoutingHandler channelRead
INFO: Detected non-HTTP/2 connection.
 {"metadata":{"emulator":{"name":"firestore"},"message":"Oct 29, 2022 4:43:29 P.M. io.gapi.emulators.netty.HttpVersionRoutingHandler channelRead\nINFO: Detected non-HTTP/2 connection.\n"}}
[debug] [2022-10-29T20:44:29.966Z] Oct 29, 2022 4:44:29 P.M. io.gapi.emulators.netty.HttpVersionRoutingHandler channelRead
INFO: Detected non-HTTP/2 connection.
 {"metadata":{"emulator":{"name":"firestore"},"message":"Oct 29, 2022 4:44:29 P.M. io.gapi.emulators.netty.HttpVersionRoutingHandler channelRead\nINFO: Detected non-HTTP/2 connection.\n"}}
